0 info it worked if it ends with ok
1 verbose cli [ '/Users/jiihu/.nvm/versions/node/v5.0.0/bin/node',
1 verbose cli   '/Users/jiihu/.nvm/versions/node/v5.0.0/bin/npm',
1 verbose cli   'install',
1 verbose cli   '-g',
1 verbose cli   'cordova' ]
2 info using npm@2.14.11
3 info using node@v5.0.0
4 verbose install initial load of /Users/jiihu/.nvm/versions/node/v5.0.0/lib/package.json
5 verbose readDependencies loading dependencies from /Users/jiihu/.nvm/versions/node/v5.0.0/lib/package.json
6 silly cache add args [ 'cordova', null ]
7 verbose cache add spec cordova
8 silly cache add parsed spec Result {
8 silly cache add   raw: 'cordova',
8 silly cache add   scope: null,
8 silly cache add   name: 'cordova',
8 silly cache add   rawSpec: '',
8 silly cache add   spec: 'latest',
8 silly cache add   type: 'tag' }
9 silly addNamed cordova@latest
10 verbose addNamed "latest" is being treated as a dist-tag for cordova
11 info addNameTag [ 'cordova', 'latest' ]
12 silly mapToRegistry name cordova
13 silly mapToRegistry using default registry
14 silly mapToRegistry registry https://registry.npmjs.org/
15 silly mapToRegistry uri https://registry.npmjs.org/cordova
16 verbose addNameTag registry:https://registry.npmjs.org/cordova not in flight; fetching
17 verbose request uri https://registry.npmjs.org/cordova
18 verbose request no auth needed
19 info attempt registry request try #1 at 10:27:54 PM
20 verbose request id 68ee9df3ec56ad68
21 verbose etag "9903S857FRVGJP2UYT35FBB7P"
22 http request GET https://registry.npmjs.org/cordova
23 http 200 https://registry.npmjs.org/cordova
24 verbose headers { server: 'CouchDB/1.5.0 (Erlang OTP/R16B03)',
24 verbose headers   etag: '"5PSCK3K9QIXWHROE81VZK14KK"',
24 verbose headers   'content-type': 'application/json',
24 verbose headers   'cache-control': 'max-age=60',
24 verbose headers   'content-length': '371621',
24 verbose headers   'accept-ranges': 'bytes',
24 verbose headers   date: 'Mon, 30 Nov 2015 20:27:55 GMT',
24 verbose headers   via: '1.1 varnish',
24 verbose headers   age: '0',
24 verbose headers   connection: 'keep-alive',
24 verbose headers   'x-served-by': 'cache-ams4137-AMS',
24 verbose headers   'x-cache': 'HIT',
24 verbose headers   'x-cache-hits': '1',
24 verbose headers   'x-timer': 'S1448915274.377178,VS0,VE719',
24 verbose headers   vary: 'Accept' }
25 silly get cb [ 200,
25 silly get   { server: 'CouchDB/1.5.0 (Erlang OTP/R16B03)',
25 silly get     etag: '"5PSCK3K9QIXWHROE81VZK14KK"',
25 silly get     'content-type': 'application/json',
25 silly get     'cache-control': 'max-age=60',
25 silly get     'content-length': '371621',
25 silly get     'accept-ranges': 'bytes',
25 silly get     date: 'Mon, 30 Nov 2015 20:27:55 GMT',
25 silly get     via: '1.1 varnish',
25 silly get     age: '0',
25 silly get     connection: 'keep-alive',
25 silly get     'x-served-by': 'cache-ams4137-AMS',
25 silly get     'x-cache': 'HIT',
25 silly get     'x-cache-hits': '1',
25 silly get     'x-timer': 'S1448915274.377178,VS0,VE719',
25 silly get     vary: 'Accept' } ]
26 verbose get saving cordova to /Users/jiihu/.npm/registry.npmjs.org/cordova/.cache.json
27 silly addNameTag next cb for cordova with tag latest
28 silly addNamed cordova@5.4.1
29 verbose addNamed "5.4.1" is a plain semver version for cordova
30 silly mapToRegistry name cordova
31 silly mapToRegistry using default registry
32 silly mapToRegistry registry https://registry.npmjs.org/
33 silly mapToRegistry uri https://registry.npmjs.org/cordova
34 verbose addRemoteTarball https://registry.npmjs.org/cordova/-/cordova-5.4.1.tgz not in flight; adding
35 verbose addRemoteTarball [ 'https://registry.npmjs.org/cordova/-/cordova-5.4.1.tgz',
35 verbose addRemoteTarball   'bc56bc1d3c5387a7926408212dfbce59002f9d76' ]
36 info retry fetch attempt 1 at 10:27:55 PM
37 info attempt registry request try #1 at 10:27:55 PM
38 http fetch GET https://registry.npmjs.org/cordova/-/cordova-5.4.1.tgz
39 http fetch 200 https://registry.npmjs.org/cordova/-/cordova-5.4.1.tgz
40 silly fetchAndShaCheck shasum bc56bc1d3c5387a7926408212dfbce59002f9d76
41 verbose addTmpTarball /var/folders/40/mldzqmr16bg0f9km_k9t3zn00000gn/T/npm-31476-69a29695/registry.npmjs.org/cordova/-/cordova-5.4.1.tgz not in flight; adding
42 verbose addTmpTarball already have metadata; skipping unpack for cordova@5.4.1
43 silly cache afterAdd cordova@5.4.1
44 verbose afterAdd /Users/jiihu/.npm/cordova/5.4.1/package/package.json not in flight; writing
45 verbose afterAdd /Users/jiihu/.npm/cordova/5.4.1/package/package.json written
46 silly install resolved [ { name: 'cordova',
46 silly install resolved     version: '5.4.1',
46 silly install resolved     preferGlobal: 'true',
46 silly install resolved     description: 'Cordova command line interface tool',
46 silly install resolved     main: 'cordova',
46 silly install resolved     engines: { node: '>=0.9.9' },
46 silly install resolved     engineStrict: true,
46 silly install resolved     bin: { cordova: './bin/cordova' },
46 silly install resolved     scripts:
46 silly install resolved      { test: 'node node_modules/jasmine-node/bin/jasmine-node --captureExceptions --color spec',
46 silly install resolved        cover: 'node node_modules/istanbul/lib/cli.js cover --root src --print detail node_modules/jasmine-node/bin/jasmine-node -- spec' },
46 silly install resolved     repository:
46 silly install resolved      { type: 'git',
46 silly install resolved        url: 'https://git-wip-us.apache.org/repos/asf/cordova-cli.git' },
46 silly install resolved     bugs:
46 silly install resolved      { url: 'https://issues.apache.org/jira/browse/CB',
46 silly install resolved        email: 'dev@cordova.apache.org' },
46 silly install resolved     keywords: [ 'cordova', 'client', 'cli' ],
46 silly install resolved     dependencies:
46 silly install resolved      { ansi: '^0.3.0',
46 silly install resolved        'cordova-lib': '5.4.1',
46 silly install resolved        q: '1.0.1',
46 silly install resolved        nopt: '3.0.1',
46 silly install resolved        underscore: '1.7.0',
46 silly install resolved        'update-notifier': '^0.5.0' },
46 silly install resolved     devDependencies:
46 silly install resolved      { istanbul: '^0.3.4',
46 silly install resolved        grunt: '0.4.5',
46 silly install resolved        'grunt-retire': '0.3.7',
46 silly install resolved        'jasmine-node': '1.14.5' },
46 silly install resolved     author: { name: 'Anis Kadri' },
46 silly install resolved     contributors:
46 silly install resolved      [ [Object],
46 silly install resolved        [Object],
46 silly install resolved        [Object],
46 silly install resolved        [Object],
46 silly install resolved        [Object],
46 silly install resolved        [Object],
46 silly install resolved        [Object],
46 silly install resolved        [Object],
46 silly install resolved        [Object],
46 silly install resolved        [Object],
46 silly install resolved        [Object],
46 silly install resolved        [Object],
46 silly install resolved        [Object],
46 silly install resolved        [Object],
46 silly install resolved        [Object],
46 silly install resolved        [Object],
46 silly install resolved        [Object],
46 silly install resolved        [Object],
46 silly install resolved        [Object],
46 silly install resolved        [Object],
46 silly install resolved        [Object],
46 silly install resolved        [Object],
46 silly install resolved        [Object],
46 silly install resolved        [Object] ],
46 silly install resolved     license: 'Apache version 2.0',
46 silly install resolved     _id: 'cordova@5.4.1',
46 silly install resolved     _shasum: 'bc56bc1d3c5387a7926408212dfbce59002f9d76',
46 silly install resolved     _resolved: 'https://registry.npmjs.org/cordova/-/cordova-5.4.1.tgz',
46 silly install resolved     _from: 'cordova@latest',
46 silly install resolved     _npmVersion: '3.3.12',
46 silly install resolved     _nodeVersion: '5.0.0',
46 silly install resolved     _npmUser: { name: 'stevegill', email: 'stevengill97@gmail.com' },
46 silly install resolved     dist:
46 silly install resolved      { shasum: 'bc56bc1d3c5387a7926408212dfbce59002f9d76',
46 silly install resolved        tarball: 'http://registry.npmjs.org/cordova/-/cordova-5.4.1.tgz' },
46 silly install resolved     maintainers:
46 silly install resolved      [ [Object],
46 silly install resolved        [Object],
46 silly install resolved        [Object],
46 silly install resolved        [Object],
46 silly install resolved        [Object],
46 silly install resolved        [Object],
46 silly install resolved        [Object],
46 silly install resolved        [Object],
46 silly install resolved        [Object],
46 silly install resolved        [Object],
46 silly install resolved        [Object],
46 silly install resolved        [Object],
46 silly install resolved        [Object],
46 silly install resolved        [Object],
46 silly install resolved        [Object],
46 silly install resolved        [Object],
46 silly install resolved        [Object],
46 silly install resolved        [Object] ],
46 silly install resolved     directories: {} } ]
47 info install cordova@5.4.1 into /Users/jiihu/.nvm/versions/node/v5.0.0/lib
48 info installOne cordova@5.4.1
49 verbose installOne of cordova to /Users/jiihu/.nvm/versions/node/v5.0.0/lib not in flight; installing
50 verbose lock using /Users/jiihu/.npm/_locks/cordova-236fe4caa96753b8.lock for /Users/jiihu/.nvm/versions/node/v5.0.0/lib/node_modules/cordova
51 silly install write writing cordova 5.4.1 to /Users/jiihu/.nvm/versions/node/v5.0.0/lib/node_modules/cordova
52 verbose unbuild lib/node_modules/cordova
53 info preuninstall cordova@5.4.0
54 info uninstall cordova@5.4.0
55 verbose unbuild rmStuff cordova@5.4.0 from /Users/jiihu/.nvm/versions/node/v5.0.0/lib/node_modules
56 silly gentlyRm /Users/jiihu/.nvm/versions/node/v5.0.0/bin/cordova is being gently removed
57 silly gentlyRm verifying /Users/jiihu/.nvm/versions/node/v5.0.0 is an npm working directory
58 silly gentlyRm containing path /Users/jiihu/.nvm/versions/node/v5.0.0 is under npm's control, in /Users/jiihu/.nvm/versions/node/v5.0.0
59 silly gentlyRm deletion target /Users/jiihu/.nvm/versions/node/v5.0.0/bin/cordova is under /Users/jiihu/.nvm/versions/node/v5.0.0
60 verbose gentlyRm vacuuming from /Users/jiihu/.nvm/versions/node/v5.0.0/bin/cordova up to /Users/jiihu/.nvm/versions/node/v5.0.0
61 silly vacuum-fs removing /Users/jiihu/.nvm/versions/node/v5.0.0/bin/cordova
62 silly vacuum-fs quitting because other entries in /Users/jiihu/.nvm/versions/node/v5.0.0/bin
63 info postuninstall cordova@5.4.0
64 silly gentlyRm /Users/jiihu/.nvm/versions/node/v5.0.0/lib/node_modules/cordova is being purged from base /Users/jiihu/.nvm/versions/node/v5.0.0
65 verbose gentlyRm don't care about contents; nuking /Users/jiihu/.nvm/versions/node/v5.0.0/lib/node_modules/cordova
66 silly vacuum-fs purging /Users/jiihu/.nvm/versions/node/v5.0.0/lib/node_modules/cordova
67 verbose unlock done using /Users/jiihu/.npm/_locks/cordova-236fe4caa96753b8.lock for /Users/jiihu/.nvm/versions/node/v5.0.0/lib/node_modules/cordova
68 verbose stack Error: EACCES: permission denied, unlink '/Users/jiihu/.nvm/versions/node/v5.0.0/lib/node_modules/cordova/.npmignore'
68 verbose stack     at Error (native)
69 verbose cwd /Users/jiihu/projects/unilunch/app
70 error Darwin 15.0.0
71 error argv "/Users/jiihu/.nvm/versions/node/v5.0.0/bin/node" "/Users/jiihu/.nvm/versions/node/v5.0.0/bin/npm" "install" "-g" "cordova"
72 error node v5.0.0
73 error npm  v2.14.11
74 error path /Users/jiihu/.nvm/versions/node/v5.0.0/lib/node_modules/cordova/.npmignore
75 error code EACCES
76 error errno -13
77 error syscall unlink
78 error Error: EACCES: permission denied, unlink '/Users/jiihu/.nvm/versions/node/v5.0.0/lib/node_modules/cordova/.npmignore'
78 error     at Error (native)
78 error  { [Error: EACCES: permission denied, unlink '/Users/jiihu/.nvm/versions/node/v5.0.0/lib/node_modules/cordova/.npmignore']
78 error   errno: -13,
78 error   code: 'EACCES',
78 error   syscall: 'unlink',
78 error   path: '/Users/jiihu/.nvm/versions/node/v5.0.0/lib/node_modules/cordova/.npmignore' }
79 error Please try running this command again as root/Administrator.
80 verbose exit [ -13, true ]
81 verbose unbuild lib/node_modules/cordova
82 info preuninstall cordova@5.4.0
83 info uninstall cordova@5.4.0
84 verbose unbuild rmStuff cordova@5.4.0 from /Users/jiihu/.nvm/versions/node/v5.0.0/lib/node_modules
85 silly gentlyRm /Users/jiihu/.nvm/versions/node/v5.0.0/bin/cordova is being gently removed
86 silly gentlyRm verifying /Users/jiihu/.nvm/versions/node/v5.0.0 is an npm working directory
87 silly gentlyRm containing path /Users/jiihu/.nvm/versions/node/v5.0.0 is under npm's control, in /Users/jiihu/.nvm/versions/node/v5.0.0
88 silly gentlyRm deletion target /Users/jiihu/.nvm/versions/node/v5.0.0/bin/cordova is under /Users/jiihu/.nvm/versions/node/v5.0.0
89 verbose gentlyRm vacuuming from /Users/jiihu/.nvm/versions/node/v5.0.0/bin/cordova up to /Users/jiihu/.nvm/versions/node/v5.0.0
90 info postuninstall cordova@5.4.0
91 silly gentlyRm /Users/jiihu/.nvm/versions/node/v5.0.0/lib/node_modules/cordova is being purged from base /Users/jiihu/.nvm/versions/node/v5.0.0
92 verbose gentlyRm don't care about contents; nuking /Users/jiihu/.nvm/versions/node/v5.0.0/lib/node_modules/cordova
93 silly vacuum-fs purging /Users/jiihu/.nvm/versions/node/v5.0.0/lib/node_modules/cordova
94 error error rolling back Error: EACCES: permission denied, unlink '/Users/jiihu/.nvm/versions/node/v5.0.0/lib/node_modules/cordova/.npmignore'
94 error error rolling back     at Error (native)
94 error error rolling back  { [Error: EACCES: permission denied, unlink '/Users/jiihu/.nvm/versions/node/v5.0.0/lib/node_modules/cordova/.npmignore']
94 error error rolling back   errno: -13,
94 error error rolling back   code: 'EACCES',
94 error error rolling back   syscall: 'unlink',
94 error error rolling back   path: '/Users/jiihu/.nvm/versions/node/v5.0.0/lib/node_modules/cordova/.npmignore' }
